#
# There is insufficient memory for the Java Runtime Environment to continue.
# Native memory allocation (malloc) failed to allocate 1048576 bytes for AllocateHeap
# Possible reasons:
#   The system is out of physical RAM or swap space
#   The process is running with CompressedOops enabled, and the Java Heap may be blocking the growth of the native heap
# Possible solutions:
#   Reduce memory load on the system
#   Increase physical memory or swap space
#   Check if swap backing store is full
#   Decrease Java heap size (-Xmx/-Xms)
#   Decrease number of Java threads
#   Decrease Java thread stack sizes (-Xss)
#   Set larger code cache with -XX:ReservedCodeCacheSize=
#   JVM is running with Unscaled Compressed Oops mode in which the Java heap is
#     placed in the first 4GB address space. The Java Heap base address is the
#     maximum limit for the native heap growth. Please use -XX:HeapBaseMinAddress
#     to set the Java Heap base and to place the Java Heap above 4GB virtual address.
# This output file may be truncated or incomplete.
#
#  Out of Memory Error (./src/hotspot/share/memory/allocation.cpp:44), pid=26552, tid=26612
#
# JRE version:  (15.0.2+7) (build )
# Java VM: OpenJDK 64-Bit Server VM (15.0.2+7, mixed mode, sharing, tiered, compressed oops, g1 gc, windows-amd64)
# No core dump will be written. Minidumps are not enabled by default on client versions of Windows
#

---------------  S U M M A R Y ------------

Command Line: -Dfile.encoding=UTF-8 GUI.TimKiemSinhVien

Host: Intel(R) Core(TM) i7-10870H CPU @ 2.20GHz, 16 cores, 7G,  Windows 10 , 64 bit Build 19041 (10.0.19041.928)
Time: Mon May 17 02:50:23 2021 SE Asia Standard Time elapsed time: 0.008387 seconds (0d 0h 0m 0s)

---------------  T H R E A D  ---------------

Current thread (0x0000020cca896e10):  JavaThread "Unknown thread" [_thread_in_vm, id=26612, stack(0x0000008e62500000,0x0000008e62600000)]

Stack: [0x0000008e62500000,0x0000008e62600000]
Native frames: (J=compiled Java code, j=interpreted, Vv=VM code, C=native code)
V  [jvm.dll+0x5f7a3a]
V  [jvm.dll+0x796fe9]
V  [jvm.dll+0x798743]
V  [jvm.dll+0x798d93]
V  [jvm.dll+0x1fc4f8]
V  [jvm.dll+0x90482]
V  [jvm.dll+0x295c9e]
V  [jvm.dll+0x28de9b]
V  [jvm.dll+0x7749c1]
V  [jvm.dll+0x315624]
V  [jvm.dll+0x755d2c]
V  [jvm.dll+0x3930af]
V  [jvm.dll+0x394d51]
C  [jli.dll+0x5243]
C  [ucrtbase.dll+0x21bb2]
C  [KERNEL32.DLL+0x17034]
C  [ntdll.dll+0x52651]


---------------  P R O C E S S  ---------------

Threads class SMR info:
_java_thread_list=0x00007ff869830a90, length=0, elements={
}

Java Threads: ( => current thread )

Other Threads:
  0x0000020cca8da940 GCTaskThread "GC Thread#0" [stack: 0x0000008e62600000,0x0000008e62700000] [id=26616]

[error occurred during error reporting (printing all threads), id 0xc0000005, EXCEPTION_ACCESS_VIOLATION (0xc0000005) at pc=0x00007ff868fdae70]

VM state: not at safepoint (not fully initialized)

VM Mutex/Monitor currently owned by a thread:  ([mutex/lock_event])
[0x0000020cca8923b0] Heap_lock - owner thread: 0x0000020cca896e10

Heap address: 0x0000000082800000, size: 2008 MB, Compressed Oops mode: 32-bit
CDS archive(s) mapped at: [0x0000000000000000-0x0000000000000000-0x0000000000000000), size 0, SharedBaseAddress: 0x0000000800000000, ArchiveRelocationMode: 0.
Narrow klass base: 0x0000000000000000, Narrow klass shift: 0, Narrow klass range: 0x0

Heap:
 garbage-first heap   total 0K, used 0K [0x0000000082800000, 0x0000000100000000)
  region size 1024K, 0 young (0K), 0 survivors (0K)
 Metaspace       used 0K, capacity 0K, committed 0K, reserved 0K
  class space    used 0K, capacity 0K, committed 0K, reserved 0K

Heap Regions: E=young(eden), S=young(survivor), O=old, HS=humongous(starts), HC=humongous(continues), CS=collection set, F=free, OA=open archive, CA=closed archive, TAMS=top-at-mark-start (previous, next)

Card table byte_map: [0x0000020ce2a20000,0x0000020ce2e10000] _byte_map_base: 0x0000020ce260c000

GC Heap History (0 events):
No events

Deoptimization events (0 events):
No events

Classes unloaded (0 events):
No events

Classes redefined (0 events):
No events

Internal exceptions (0 events):
No events

Events (1 events):
Event: 0.005 Loaded shared library C:\Program Files\AdoptOpenJDK\jdk-15.0.2.7-hotspot\bin\java.dll


Dynamic libraries:
0x00007ff715950000 - 0x00007ff71595d000 	C:\Program Files\AdoptOpenJDK\jdk-15.0.2.7-hotspot\bin\javaw.exe
0x00007ff8e3d10000 - 0x00007ff8e3f05000 	C:\Windows\SYSTEM32\ntdll.dll
0x00007ff8e28c0000 - 0x00007ff8e297d000 	C:\Windows\System32\KERNEL32.DLL
0x00007ff8e1840000 - 0x00007ff8e1b08000 	C:\Windows\System32\KERNELBASE.dll
0x00007ff8e1660000 - 0x00007ff8e1760000 	C:\Windows\System32\ucrtbase.dll
0x00007ff8af190000 - 0x00007ff8af1a5000 	C:\Program Files\AdoptOpenJDK\jdk-15.0.2.7-hotspot\bin\VCRUNTIME140.dll
0x00007ff8af9e0000 - 0x00007ff8af9f8000 	C:\Program Files\AdoptOpenJDK\jdk-15.0.2.7-hotspot\bin\jli.dll
0x00007ff8e1d70000 - 0x00007ff8e1f10000 	C:\Windows\System32\USER32.dll
0x00007ff8e1ca0000 - 0x00007ff8e1cc2000 	C:\Windows\System32\win32u.dll
0x00007ff8e2770000 - 0x00007ff8e279a000 	C:\Windows\System32\GDI32.dll
0x00007ff8cdde0000 - 0x00007ff8ce07a000 	C:\Windows\WinSxS\amd64_microsoft.windows.common-controls_6595b64144ccf1df_6.0.19041.844_none_ca00b6081b84eb1d\COMCTL32.dll
0x00007ff8e2820000 - 0x00007ff8e28be000 	C:\Windows\System32\msvcrt.dll
0x00007ff8e1b10000 - 0x00007ff8e1c1b000 	C:\Windows\System32\gdi32full.dll
0x00007ff8e1cd0000 - 0x00007ff8e1d6d000 	C:\Windows\System32\msvcp_win.dll
0x00007ff8e3ca0000 - 0x00007ff8e3cd0000 	C:\Windows\System32\IMM32.DLL
0x00007ff8aef50000 - 0x00007ff8aefeb000 	C:\Program Files\AdoptOpenJDK\jdk-15.0.2.7-hotspot\bin\msvcp140.dll
0x00007ff868d40000 - 0x00007ff8698cf000 	C:\Program Files\AdoptOpenJDK\jdk-15.0.2.7-hotspot\bin\server\jvm.dll
0x00007ff8e2980000 - 0x00007ff8e2a2c000 	C:\Windows\System32\ADVAPI32.dll
0x00007ff8e2a30000 - 0x00007ff8e2acb000 	C:\Windows\System32\sechost.dll
0x00007ff8e3520000 - 0x00007ff8e364b000 	C:\Windows\System32\RPCRT4.dll
0x00007ff8e36b0000 - 0x00007ff8e36b8000 	C:\Windows\System32\PSAPI.DLL
0x00007ff8d04a0000 - 0x00007ff8d04c7000 	C:\Windows\SYSTEM32\WINMM.dll
0x00007ff8dabc0000 - 0x00007ff8dabca000 	C:\Windows\SYSTEM32\VERSION.dll
0x00007ff8cc820000 - 0x00007ff8cc829000 	C:\Windows\SYSTEM32\WSOCK32.dll
0x00007ff8e34b0000 - 0x00007ff8e351b000 	C:\Windows\System32\WS2_32.dll
0x00007ff8dfd20000 - 0x00007ff8dfd32000 	C:\Windows\SYSTEM32\kernel.appcore.dll
0x00007ff8dbd30000 - 0x00007ff8dbd3a000 	C:\Program Files\AdoptOpenJDK\jdk-15.0.2.7-hotspot\bin\jimage.dll
0x00007ff8df150000 - 0x00007ff8df334000 	C:\Windows\SYSTEM32\DBGHELP.DLL
0x00007ff8c69d0000 - 0x00007ff8c69fc000 	C:\Windows\SYSTEM32\dbgcore.DLL
0x00007ff8e1c20000 - 0x00007ff8e1ca0000 	C:\Windows\System32\bcryptPrimitives.dll
0x00007ff8aa1b0000 - 0x00007ff8aa1d5000 	C:\Program Files\AdoptOpenJDK\jdk-15.0.2.7-hotspot\bin\java.dll

dbghelp: loaded successfully - version: 4.0.5 - missing functions: none
symbol engine: initialized successfully - sym options: 0x614 - pdb path: .;C:\Program Files\AdoptOpenJDK\jdk-15.0.2.7-hotspot\bin;C:\Windows\SYSTEM32;C:\Windows\WinSxS\amd64_microsoft.windows.common-controls_6595b64144ccf1df_6.0.19041.844_none_ca00b6081b84eb1d;C:\Program Files\AdoptOpenJDK\jdk-15.0.2.7-hotspot\bin\server

VM Arguments:
jvm_args: -Dfile.encoding=UTF-8 
java_command: GUI.TimKiemSinhVien
java_class_path (initial): E:\eclipse worksp\Detai\bin;E:\eclipse worksp\Detai\lib\sqljdbc4.jar
Launcher Type: SUN_STANDARD

[Global flags]
     intx CICompilerCount                          = 12                                        {product} {ergonomic}
     uint ConcGCThreads                            = 3                                         {product} {ergonomic}
     uint G1ConcRefinementThreads                  = 13                                        {product} {ergonomic}
   size_t G1HeapRegionSize                         = 1048576                                   {product} {ergonomic}
    uintx GCDrainStackTargetSize                   = 64                                        {product} {ergonomic}
   size_t InitialHeapSize                          = 132120576                                 {product} {ergonomic}
   size_t MarkStackSize                            = 4194304                                   {product} {ergonomic}
   size_t MaxHeapSize                              = 2105540608                                {product} {ergonomic}
   size_t MinHeapDeltaBytes                        = 1048576                                   {product} {ergonomic}
   size_t MinHeapSize                              = 8388608                                   {product} {ergonomic}
    uintx NonNMethodCodeHeapSize                   = 7602480                                {pd product} {ergonomic}
    uintx NonProfiledCodeHeapSize                  = 122027880                              {pd product} {ergonomic}
    uintx ProfiledCodeHeapSize                     = 122027880                              {pd product} {ergonomic}
    uintx ReservedCodeCacheSize                    = 251658240                              {pd product} {ergonomic}
     bool SegmentedCodeCache                       = true                                      {product} {ergonomic}
   size_t SoftMaxHeapSize                          = 2105540608                             {manageable} {ergonomic}
     bool UseCompressedClassPointers               = true                                 {lp64_product} {ergonomic}
     bool UseCompressedOops                        = true                                 {lp64_product} {ergonomic}
     bool UseG1GC                                  = true                                      {product} {ergonomic}
     bool UseLargePagesIndividualAllocation        = false                                  {pd product} {ergonomic}

Logging:
Log output configuration:
 #0: stdout all=warning uptime,level,tags
 #1: stderr all=off uptime,level,tags

Environment Variables:
PATH=C:/Program Files/AdoptOpenJDK/jdk-15.0.2.7-hotspot/bin/server;C:/Program Files/AdoptOpenJDK/jdk-15.0.2.7-hotspot/bin;C:\Users\Admin\AppData\Local\Programs\Python\Python39\Scripts\;C:\Users\Admin\AppData\Local\Programs\Python\Python39\;D:\Scripts\;D:\;C:\Program Files\AdoptOpenJDK\jdk-15.0.2.7-hotspot\bin;C:\Windows\system32;C:\Windows;C:\Windows\System32\Wbem;C:\Windows\System32\WindowsPowerShell\v1.0\;C:\Windows\System32\OpenSSH\;C:\Program Files (x86)\NVIDIA Corporation\PhysX\Common;C:\Program Files\NVIDIA Corporation\NVIDIA NvDLISR;C:\Program Files\dotnet\;C:\Program Files\Microsoft SQL Server\130\Tools\Binn\;C:\Program Files\Microsoft SQL Server\Client SDK\ODBC\170\Tools\Binn\;C:\Program Files (x86)\Microsoft SQL Server\150\Tools\Binn\;C:\Program Files\Microsoft SQL Server\150\Tools\Binn\;C:\Program Files\Microsoft SQL Server\150\DTS\Binn\;C:\Program Files (x86)\Microsoft SQL Server\150\DTS\Binn\;C:\Program Files\Azure Data Studio\bin;C:\Program Files\Git\cmd;C:\Users\Admin\AppData\Local\Microsoft\WindowsApps;;E:\Microsoft VS Code\bin;C:\Users\Admin\.dotnet\tools;C:\Program Files\Azure Data Studio\bin;C:\Windows\system32;
USERNAME=Admin
OS=Windows_NT
PROCESSOR_IDENTIFIER=Intel64 Family 6 Model 165 Stepping 2, GenuineIntel



---------------  S Y S T E M  ---------------

OS:
 Windows 10 , 64 bit Build 19041 (10.0.19041.928)
OS uptime: 0 days 1:56 hours

CPU: total 16 (initial active 16) (8 cores per cpu, 2 threads per core) family 6 model 165 stepping 2 microcode 0xe0, cmov, cx8, fxsr, mmx, sse, sse2, sse3, ssse3, sse4.1, sse4.2, popcnt, vzeroupper, avx, avx2, aes, clmul, erms, 3dnowpref, lzcnt, ht, tsc, tscinvbit, bmi1, bmi2, adx, fma, clflush, clflushopt

Memory: 4k page, system-wide physical 8027M (435M free)
TotalPageFile size 26192M (AvailPageFile size 5M)
current process WorkingSet (physical memory assigned to process): 10M, peak: 10M
current process commit charge ("private bytes"): 63M, peak: 64M

vm_info: OpenJDK 64-Bit Server VM (15.0.2+7) for windows-amd64 JRE (15.0.2+7), built on Jan 21 2021 05:54:57 by "" with MS VC++ 15.9 (VS2017)

END.
